<?xml version="1.0" encoding="UTF-8"?>
<testsuite xmlns:xsi="http://www.w3.org/2001/XMLSchema-instance" xsi:noNamespaceSchemaLocation="https://maven.apache.org/surefire/maven-surefire-plugin/xsd/surefire-test-report-3.0.xsd" version="3.0" name="automacaoSiteOrange.runner.Executa" time="44.546" tests="3" errors="0" skipped="0" failures="0">
  <properties>
[...]
</properties>
  <testcase name="Login com sucesso" classname="Login" time="14.001">
    <system-out><![CDATA[
@regressivoLogin @regressivo @positivo
Scenario: Login com sucesso                                                                                 # src/test/resources/features/funcionalidade.login.feature:12
  Given que eu esteja na tela de login "https://opensource-demo.orangehrmlive.com/web/index.php/auth/login" # automacaoSiteOrange.steps.FuncionalidadeLoginTest.queEuEstejaNaTelaDeLogin(java.lang.String)
  When informar os dados validos                                                                            # automacaoSiteOrange.steps.FuncionalidadeLoginTest.informarOsDadosValidos()
  And clica no botao login                                                                                  # automacaoSiteOrange.steps.FuncionalidadeLoginTest.clicarNoBotaoLogin()
  Then login efetuado com sucesso direcionando para tela de usuario logado                                  # automacaoSiteOrange.steps.FuncionalidadeLoginTest.loginEfetuadoComSucessoDirecionandoParaTelaDeUsuarioLogado()
]]></system-out>
  </testcase>
  <testcase name="Login usuario errado" classname="Login" time="14.117">
    <system-out><![CDATA[
@regressivoLogin @regressivo @negativo01
Scenario: Login usuario errado                                                                              # src/test/resources/features/funcionalidade.login.feature:19
  Given que eu esteja na tela de login "https://opensource-demo.orangehrmlive.com/web/index.php/auth/login" # automacaoSiteOrange.steps.FuncionalidadeLoginTest.queEuEstejaNaTelaDeLogin(java.lang.String)
  When informar usuario errado e senha correta                                                              # automacaoSiteOrange.steps.FuncionalidadeLoginTest.informarUsuarioErradoEsenhaCorreta()
  But clica no botao login                                                                                  # automacaoSiteOrange.steps.FuncionalidadeLoginTest.clicarNoBotaoLogin()
Invalid credentials
  Then aparece mensagem de erro                                                                             # automacaoSiteOrange.steps.FuncionalidadeLoginTest.apareceMensagemDeErro()
]]></system-out>
  </testcase>
  <testcase name="Login senha errada" classname="Login" time="14.398">
    <system-out><![CDATA[
@regressivoLogin @regressivo @negativo02
Scenario: Login senha errada                                                                                # src/test/resources/features/funcionalidade.login.feature:25
  Given que eu esteja na tela de login "https://opensource-demo.orangehrmlive.com/web/index.php/auth/login" # automacaoSiteOrange.steps.FuncionalidadeLoginTest.queEuEstejaNaTelaDeLogin(java.lang.String)
  When informar usuario correto e senha errada                                                              # automacaoSiteOrange.steps.FuncionalidadeLoginTest.informarUsuarioCorretoESenhaErrada()
  But clica no botao login                                                                                  # automacaoSiteOrange.steps.FuncionalidadeLoginTest.clicarNoBotaoLogin()
Invalid credentials
  Then aparece mensagem de erro                                                                             # automacaoSiteOrange.steps.FuncionalidadeLoginTest.apareceMensagemDeErro()
]]></system-out>
  </testcase>
</testsuite>